This file contains any messages produced by compilers while
running configure, to aid debugging if configure makes a mistake.

It was created by configure, which was
generated by GNU Autoconf 2.69.  Invocation command line was

  $ ./configure --prefix=/home/wan/CLionProjects/BattleShip_Game_Linux/libs/SDL2_image-2.0.5/../local --with-sdl-prefix=/home/wan/CLionProjects/BattleShip_Game_Linux/libs/SDL2_image-2.0.5/../local

## --------- ##
## Platform. ##
## --------- ##

hostname = wan-VirtualBox
uname -m = x86_64
uname -r = 5.19.0-41-generic
uname -s = Linux
uname -v = #42-Ubuntu SMP PREEMPT_DYNAMIC Mon Apr 17 19:17:03 UTC 2023

/usr/bin/uname -p = x86_64
/bin/uname -X     = unknown

/bin/arch              = x86_64
/usr/bin/arch -k       = unknown
/usr/convex/getsysinfo = unknown
/usr/bin/hostinfo      = unknown
/bin/machine           = unknown
/usr/bin/oslevel       = unknown
/bin/universe          = unknown

PATH: /usr/local/sbin
PATH: /usr/local/bin
PATH: /usr/sbin
PATH: /usr/bin
PATH: /sbin
PATH: /bin
PATH: /usr/games
PATH: /usr/local/games
PATH: /snap/bin
PATH: /snap/bin


## ----------- ##
## Core tests. ##
## ----------- ##

configure:2549: checking build system type
configure:2563: result: x86_64-pc-linux-gnu
configure:2583: checking host system type
configure:2596: result: x86_64-pc-linux-gnu
configure:2667: checking for gcc
configure:2683: found /usr/bin/gcc
configure:2694: result: gcc
configure:2923: checking for C compiler version
configure:2932: gcc --version >&5
gcc (Ubuntu 12.2.0-3ubuntu1) 12.2.0
Copyright (C) 2022 Free Software Foundation, Inc.
This is free software; see the source for copying conditions.  There is NO
warranty; not even for MERCHANTABILITY or FITNESS FOR A PARTICULAR PURPOSE.

configure:2943: $? = 0
configure:2932: gcc -v >&5
Using built-in specs.
COLLECT_GCC=gcc
COLLECT_LTO_WRAPPER=/usr/lib/gcc/x86_64-linux-gnu/12/lto-wrapper
OFFLOAD_TARGET_NAMES=nvptx-none:amdgcn-amdhsa
OFFLOAD_TARGET_DEFAULT=1
Target: x86_64-linux-gnu
Configured with: ../src/configure -v --with-pkgversion='Ubuntu 12.2.0-3ubuntu1' --with-bugurl=file:///usr/share/doc/gcc-12/README.Bugs --enable-languages=c,ada,c++,go,d,fortran,objc,obj-c++,m2 --prefix=/usr --with-gcc-major-version-only --program-suffix=-12 --program-prefix=x86_64-linux-gnu- --enable-shared --enable-linker-build-id --libexecdir=/usr/lib --without-included-gettext --enable-threads=posix --libdir=/usr/lib --enable-nls --enable-clocale=gnu --enable-libstdcxx-debug --enable-libstdcxx-time=yes --with-default-libstdcxx-abi=new --enable-gnu-unique-object --disable-vtable-verify --enable-plugin --enable-default-pie --with-system-zlib --enable-libphobos-checking=release --with-target-system-zlib=auto --enable-objc-gc=auto --enable-multiarch --disable-werror --enable-cet --with-arch-32=i686 --with-abi=m64 --with-multilib-list=m32,m64,mx32 --enable-multilib --with-tune=generic --enable-offload-targets=nvptx-none=/build/gcc-12-U8K4Qv/gcc-12-12.2.0/debian/tmp-nvptx/usr,amdgcn-amdhsa=/build/gcc-12-U8K4Qv/gcc-12-12.2.0/debian/tmp-gcn/usr --enable-offload-defaulted --without-cuda-driver --enable-checking=release --build=x86_64-linux-gnu --host=x86_64-linux-gnu --target=x86_64-linux-gnu
Thread model: posix
Supported LTO compression algorithms: zlib zstd
gcc version 12.2.0 (Ubuntu 12.2.0-3ubuntu1) 
... rest of stderr output deleted ...
configure:2943: $? = 0
configure:2932: gcc -V >&5
gcc: error: unrecognized command-line option '-V'
gcc: fatal error: no input files
compilation terminated.
configure:2943: $? = 1
configure:2932: gcc -qversion >&5
gcc: error: unrecognized command-line option '-qversion'; did you mean '--version'?
gcc: fatal error: no input files
compilation terminated.
configure:2943: $? = 1
configure:2963: checking whether the C compiler works
configure:2985: gcc    conftest.c  >&5
configure:2989: $? = 0
configure:3037: result: yes
configure:3040: checking for C compiler default output file name
configure:3042: result: a.out
configure:3048: checking for suffix of executables
configure:3055: gcc -o conftest    conftest.c  >&5
configure:3059: $? = 0
configure:3081: result: 
configure:3103: checking whether we are cross compiling
configure:3111: gcc -o conftest    conftest.c  >&5
configure:3115: $? = 0
configure:3122: ./conftest
configure:3126: $? = 0
configure:3141: result: no
configure:3146: checking for suffix of object files
configure:3168: gcc -c   conftest.c >&5
configure:3172: $? = 0
configure:3193: result: o
configure:3197: checking whether we are using the GNU C compiler
configure:3216: gcc -c   conftest.c >&5
configure:3216: $? = 0
configure:3225: result: yes
configure:3234: checking whether gcc accepts -g
configure:3254: gcc -c -g  conftest.c >&5
configure:3254: $? = 0
configure:3295: result: yes
configure:3312: checking for gcc option to accept ISO C89
configure:3375: gcc  -c -g -O2  conftest.c >&5
configure:3375: $? = 0
configure:3388: result: none needed
configure:3413: checking whether gcc understands -c and -o together
configure:3435: gcc -c conftest.c -o conftest2.o
configure:3438: $? = 0
configure:3435: gcc -c conftest.c -o conftest2.o
configure:3438: $? = 0
configure:3450: result: yes
configure:3467: checking for a sed that does not truncate output
configure:3531: result: /usr/bin/sed
configure:3549: checking for grep that handles long lines and -e
configure:3607: result: /usr/bin/grep
configure:3612: checking for egrep
configure:3674: result: /usr/bin/grep -E
configure:3679: checking for fgrep
configure:3741: result: /usr/bin/grep -F
configure:3776: checking for ld used by gcc
configure:3843: result: /usr/bin/ld
configure:3850: checking if the linker (/usr/bin/ld) is GNU ld
configure:3865: result: yes
configure:3877: checking for BSD- or MS-compatible name lister (nm)
configure:3926: result: /usr/bin/nm -B
configure:4044: checking the name lister (/usr/bin/nm -B) interface
configure:4051: gcc -c -g -O2  conftest.c >&5
configure:4054: /usr/bin/nm -B "conftest.o"
configure:4057: output
0000000000000000 B some_variable
configure:4064: result: BSD nm
configure:4067: checking whether ln -s works
configure:4071: result: yes
configure:4079: checking the maximum length of command line arguments
configure:4205: result: 1572864
configure:4222: checking whether the shell understands some XSI constructs
configure:4232: result: yes
configure:4236: checking whether the shell understands "+="
configure:4242: result: yes
configure:4277: checking for /usr/bin/ld option to reload object files
configure:4284: result: -r
configure:4353: checking for objdump
configure:4369: found /usr/bin/objdump
configure:4380: result: objdump
configure:4409: checking how to recognize dependent libraries
configure:4607: result: pass_all
configure:4667: checking for ar
configure:4683: found /usr/bin/ar
configure:4694: result: ar
configure:4772: checking for strip
configure:4788: found /usr/bin/strip
configure:4799: result: strip
configure:4871: checking for ranlib
configure:4887: found /usr/bin/ranlib
configure:4898: result: ranlib
configure:4988: checking command to parse /usr/bin/nm -B output from gcc object
configure:5106: gcc -c -g -O2  conftest.c >&5
configure:5109: $? = 0
configure:5113: /usr/bin/nm -B conftest.o \| sed -n -e 's/^.*[	 ]\([ABCDGIRSTW][ABCDGIRSTW]*\)[	 ][	 ]*\([_A-Za-z][_A-Za-z0-9]*\)$/\1 \2 \2/p' \> conftest.nm
configure:5116: $? = 0
configure:5170: gcc -o conftest -g -O2   conftest.c conftstm.o >&5
configure:5173: $? = 0
configure:5211: result: ok
configure:5307: gcc -c -g -O2  conftest.c >&5
configure:5310: $? = 0
configure:6023: checking how to run the C preprocessor
configure:6054: gcc -E  conftest.c
configure:6054: $? = 0
configure:6068: gcc -E  conftest.c
conftest.c:9:10: fatal error: ac_nonexistent.h: No such file or directory
    9 | #include <ac_nonexistent.h>
      |          ^~~~~~~~~~~~~~~~~~
compilation terminated.
configure:6068: $? = 1
configure: failed program was:
| /* confdefs.h */
| #define PACKAGE_NAME ""
| #define PACKAGE_TARNAME ""
| #define PACKAGE_VERSION ""
| #define PACKAGE_STRING ""
| #define PACKAGE_BUGREPORT ""
| #define PACKAGE_URL ""
| /* end confdefs.h.  */
| #include <ac_nonexistent.h>
configure:6093: result: gcc -E
configure:6113: gcc -E  conftest.c
configure:6113: $? = 0
configure:6127: gcc -E  conftest.c
conftest.c:9:10: fatal error: ac_nonexistent.h: No such file or directory
    9 | #include <ac_nonexistent.h>
      |          ^~~~~~~~~~~~~~~~~~
compilation terminated.
configure:6127: $? = 1
configure: failed program was:
| /* confdefs.h */
| #define PACKAGE_NAME ""
| #define PACKAGE_TARNAME ""
| #define PACKAGE_VERSION ""
| #define PACKAGE_STRING ""
| #define PACKAGE_BUGREPORT ""
| #define PACKAGE_URL ""
| /* end confdefs.h.  */
| #include <ac_nonexistent.h>
configure:6156: checking for ANSI C header files
configure:6176: gcc -c -g -O2  conftest.c >&5
configure:6176: $? = 0
configure:6249: gcc -o conftest -g -O2   conftest.c  >&5
configure:6249: $? = 0
configure:6249: ./conftest
configure:6249: $? = 0
configure:6260: result: yes
configure:6273: checking for sys/types.h
configure:6273: gcc -c -g -O2  conftest.c >&5
configure:6273: $? = 0
configure:6273: result: yes
configure:6273: checking for sys/stat.h
configure:6273: gcc -c -g -O2  conftest.c >&5
configure:6273: $? = 0
configure:6273: result: yes
configure:6273: checking for stdlib.h
configure:6273: gcc -c -g -O2  conftest.c >&5
configure:6273: $? = 0
configure:6273: result: yes
configure:6273: checking for string.h
configure:6273: gcc -c -g -O2  conftest.c >&5
configure:6273: $? = 0
configure:6273: result: yes
configure:6273: checking for memory.h
configure:6273: gcc -c -g -O2  conftest.c >&5
configure:6273: $? = 0
configure:6273: result: yes
configure:6273: checking for strings.h
configure:6273: gcc -c -g -O2  conftest.c >&5
configure:6273: $? = 0
configure:6273: result: yes
configure:6273: checking for inttypes.h
configure:6273: gcc -c -g -O2  conftest.c >&5
configure:6273: $? = 0
configure:6273: result: yes
configure:6273: checking for stdint.h
configure:6273: gcc -c -g -O2  conftest.c >&5
configure:6273: $? = 0
configure:6273: result: yes
configure:6273: checking for unistd.h
configure:6273: gcc -c -g -O2  conftest.c >&5
configure:6273: $? = 0
configure:6273: result: yes
configure:6287: checking for dlfcn.h
configure:6287: gcc -c -g -O2  conftest.c >&5
configure:6287: $? = 0
configure:6287: result: yes
configure:6769: checking for objdir
configure:6784: result: .libs
configure:7080: checking if gcc supports -fno-rtti -fno-exceptions
configure:7098: gcc -c -g -O2  -fno-rtti -fno-exceptions conftest.c >&5
cc1: warning: command-line option '-fno-rtti' is valid for C++/D/ObjC++ but not for C
configure:7102: $? = 0
configure:7115: result: no
configure:7135: checking for gcc option to produce PIC
configure:7407: result: -fPIC -DPIC
configure:7419: checking if gcc PIC flag -fPIC -DPIC works
configure:7437: gcc -c -g -O2  -fPIC -DPIC -DPIC conftest.c >&5
configure:7441: $? = 0
configure:7454: result: yes
configure:7478: checking if gcc static flag -static works
configure:7506: result: yes
configure:7521: checking if gcc supports -c -o file.o
configure:7542: gcc -c -g -O2  -o out/conftest2.o conftest.c >&5
configure:7546: $? = 0
configure:7568: result: yes
configure:7576: checking if gcc supports -c -o file.o
configure:7623: result: yes
configure:7656: checking whether the gcc linker (/usr/bin/ld -m elf_x86_64) supports shared libraries
configure:8642: result: yes
configure:8679: checking whether -lc should be explicitly linked in
configure:8684: gcc -c -g -O2  conftest.c >&5
configure:8687: $? = 0
configure:8702: gcc -shared conftest.o  -v -Wl,-soname -Wl,conftest -o conftest 2\>\&1 \| /usr/bin/grep  -lc  \>/dev/null 2\>\&1
configure:8705: $? = 0
configure:8717: result: no
configure:8881: checking dynamic linker characteristics
configure:9316: gcc -o conftest -g -O2   -Wl,-rpath -Wl,/foo conftest.c  >&5
configure:9316: $? = 0
configure:9534: result: GNU/Linux ld.so
configure:9636: checking how to hardcode library paths into programs
configure:9661: result: immediate
configure:10181: checking whether stripping libraries is possible
configure:10186: result: yes
configure:10221: checking if libtool supports shared libraries
configure:10223: result: yes
configure:10226: checking whether to build shared libraries
configure:10247: result: yes
configure:10250: checking whether to build static libraries
configure:10254: result: yes
configure:10318: checking for a BSD-compatible install
configure:10386: result: /usr/bin/install -c
configure:10397: checking whether build environment is sane
configure:10452: result: yes
configure:10600: checking for a thread-safe mkdir -p
configure:10639: result: /usr/bin/mkdir -p
configure:10646: checking for gawk
configure:10676: result: no
configure:10646: checking for mawk
configure:10662: found /usr/bin/mawk
configure:10673: result: mawk
configure:10684: checking whether make sets $(MAKE)
configure:10706: result: yes
configure:10728: checking whether make supports the include directive
configure:10743: make -f confmf.GNU && cat confinc.out
this is the am__doit target
configure:10746: $? = 0
configure:10765: result: yes (GNU style)
configure:10798: checking whether make supports nested variables
configure:10815: result: yes
configure:10901: checking dependency style of gcc
configure:11012: result: gcc3
configure:11120: checking for gcc
configure:11147: result: gcc
configure:11376: checking for C compiler version
configure:11385: gcc --version >&5
gcc (Ubuntu 12.2.0-3ubuntu1) 12.2.0
Copyright (C) 2022 Free Software Foundation, Inc.
This is free software; see the source for copying conditions.  There is NO
warranty; not even for MERCHANTABILITY or FITNESS FOR A PARTICULAR PURPOSE.

configure:11396: $? = 0
configure:11385: gcc -v >&5
Using built-in specs.
COLLECT_GCC=gcc
COLLECT_LTO_WRAPPER=/usr/lib/gcc/x86_64-linux-gnu/12/lto-wrapper
OFFLOAD_TARGET_NAMES=nvptx-none:amdgcn-amdhsa
OFFLOAD_TARGET_DEFAULT=1
Target: x86_64-linux-gnu
Configured with: ../src/configure -v --with-pkgversion='Ubuntu 12.2.0-3ubuntu1' --with-bugurl=file:///usr/share/doc/gcc-12/README.Bugs --enable-languages=c,ada,c++,go,d,fortran,objc,obj-c++,m2 --prefix=/usr --with-gcc-major-version-only --program-suffix=-12 --program-prefix=x86_64-linux-gnu- --enable-shared --enable-linker-build-id --libexecdir=/usr/lib --without-included-gettext --enable-threads=posix --libdir=/usr/lib --enable-nls --enable-clocale=gnu --enable-libstdcxx-debug --enable-libstdcxx-time=yes --with-default-libstdcxx-abi=new --enable-gnu-unique-object --disable-vtable-verify --enable-plugin --enable-default-pie --with-system-zlib --enable-libphobos-checking=release --with-target-system-zlib=auto --enable-objc-gc=auto --enable-multiarch --disable-werror --enable-cet --with-arch-32=i686 --with-abi=m64 --with-multilib-list=m32,m64,mx32 --enable-multilib --with-tune=generic --enable-offload-targets=nvptx-none=/build/gcc-12-U8K4Qv/gcc-12-12.2.0/debian/tmp-nvptx/usr,amdgcn-amdhsa=/build/gcc-12-U8K4Qv/gcc-12-12.2.0/debian/tmp-gcn/usr --enable-offload-defaulted --without-cuda-driver --enable-checking=release --build=x86_64-linux-gnu --host=x86_64-linux-gnu --target=x86_64-linux-gnu
Thread model: posix
Supported LTO compression algorithms: zlib zstd
gcc version 12.2.0 (Ubuntu 12.2.0-3ubuntu1) 
... rest of stderr output deleted ...
configure:11396: $? = 0
configure:11385: gcc -V >&5
gcc: error: unrecognized command-line option '-V'
gcc: fatal error: no input files
compilation terminated.
configure:11396: $? = 1
configure:11385: gcc -qversion >&5
gcc: error: unrecognized command-line option '-qversion'; did you mean '--version'?
gcc: fatal error: no input files
compilation terminated.
configure:11396: $? = 1
configure:11400: checking whether we are using the GNU C compiler
configure:11428: result: yes
configure:11437: checking whether gcc accepts -g
configure:11498: result: yes
configure:11515: checking for gcc option to accept ISO C89
configure:11591: result: none needed
configure:11616: checking whether gcc understands -c and -o together
configure:11653: result: yes
configure:11724: checking for gcc
configure:11740: found /usr/bin/gcc
configure:11751: result: gcc
configure:11776: checking for Objective C compiler version
configure:11785: gcc --version >&5
gcc (Ubuntu 12.2.0-3ubuntu1) 12.2.0
Copyright (C) 2022 Free Software Foundation, Inc.
This is free software; see the source for copying conditions.  There is NO
warranty; not even for MERCHANTABILITY or FITNESS FOR A PARTICULAR PURPOSE.

configure:11796: $? = 0
configure:11785: gcc -v >&5
Using built-in specs.
COLLECT_GCC=gcc
COLLECT_LTO_WRAPPER=/usr/lib/gcc/x86_64-linux-gnu/12/lto-wrapper
OFFLOAD_TARGET_NAMES=nvptx-none:amdgcn-amdhsa
OFFLOAD_TARGET_DEFAULT=1
Target: x86_64-linux-gnu
Configured with: ../src/configure -v --with-pkgversion='Ubuntu 12.2.0-3ubuntu1' --with-bugurl=file:///usr/share/doc/gcc-12/README.Bugs --enable-languages=c,ada,c++,go,d,fortran,objc,obj-c++,m2 --prefix=/usr --with-gcc-major-version-only --program-suffix=-12 --program-prefix=x86_64-linux-gnu- --enable-shared --enable-linker-build-id --libexecdir=/usr/lib --without-included-gettext --enable-threads=posix --libdir=/usr/lib --enable-nls --enable-clocale=gnu --enable-libstdcxx-debug --enable-libstdcxx-time=yes --with-default-libstdcxx-abi=new --enable-gnu-unique-object --disable-vtable-verify --enable-plugin --enable-default-pie --with-system-zlib --enable-libphobos-checking=release --with-target-system-zlib=auto --enable-objc-gc=auto --enable-multiarch --disable-werror --enable-cet --with-arch-32=i686 --with-abi=m64 --with-multilib-list=m32,m64,mx32 --enable-multilib --with-tune=generic --enable-offload-targets=nvptx-none=/build/gcc-12-U8K4Qv/gcc-12-12.2.0/debian/tmp-nvptx/usr,amdgcn-amdhsa=/build/gcc-12-U8K4Qv/gcc-12-12.2.0/debian/tmp-gcn/usr --enable-offload-defaulted --without-cuda-driver --enable-checking=release --build=x86_64-linux-gnu --host=x86_64-linux-gnu --target=x86_64-linux-gnu
Thread model: posix
Supported LTO compression algorithms: zlib zstd
gcc version 12.2.0 (Ubuntu 12.2.0-3ubuntu1) 
... rest of stderr output deleted ...
configure:11796: $? = 0
configure:11785: gcc -V >&5
gcc: error: unrecognized command-line option '-V'
gcc: fatal error: no input files
compilation terminated.
configure:11796: $? = 1
configure:11785: gcc -qversion >&5
gcc: error: unrecognized command-line option '-qversion'; did you mean '--version'?
gcc: fatal error: no input files
compilation terminated.
configure:11796: $? = 1
configure:11800: checking whether we are using the GNU Objective C compiler
configure:11819: gcc -c   conftest.m >&5
gcc: fatal error: cannot execute 'cc1obj': execvp: No such file or directory
compilation terminated.
configure:11819: $? = 1
configure: failed program was:
| /* confdefs.h */
| #define PACKAGE_NAME ""
| #define PACKAGE_TARNAME ""
| #define PACKAGE_VERSION ""
| #define PACKAGE_STRING ""
| #define PACKAGE_BUGREPORT ""
| #define PACKAGE_URL ""
| #define STDC_HEADERS 1
| #define HAVE_SYS_TYPES_H 1
| #define HAVE_SYS_STAT_H 1
| #define HAVE_STDLIB_H 1
| #define HAVE_STRING_H 1
| #define HAVE_MEMORY_H 1
| #define HAVE_STRINGS_H 1
| #define HAVE_INTTYPES_H 1
| #define HAVE_STDINT_H 1
| #define HAVE_UNISTD_H 1
| #define HAVE_DLFCN_H 1
| #define LT_OBJDIR ".libs/"
| #define PACKAGE "SDL2_image"
| #define VERSION "2.0.5"
| /* end confdefs.h.  */
| 
| int
| main ()
| {
| #ifndef __GNUC__
|        choke me
| #endif
| 
|   ;
|   return 0;
| }
configure:11828: result: no
configure:11837: checking whether gcc accepts -g
configure:11857: gcc -c -g  conftest.m >&5
gcc: fatal error: cannot execute 'cc1obj': execvp: No such file or directory
compilation terminated.
configure:11857: $? = 1
configure: failed program was:
| /* confdefs.h */
| #define PACKAGE_NAME ""
| #define PACKAGE_TARNAME ""
| #define PACKAGE_VERSION ""
| #define PACKAGE_STRING ""
| #define PACKAGE_BUGREPORT ""
| #define PACKAGE_URL ""
| #define STDC_HEADERS 1
| #define HAVE_SYS_TYPES_H 1
| #define HAVE_SYS_STAT_H 1
| #define HAVE_STDLIB_H 1
| #define HAVE_STRING_H 1
| #define HAVE_MEMORY_H 1
| #define HAVE_STRINGS_H 1
| #define HAVE_INTTYPES_H 1
| #define HAVE_STDINT_H 1
| #define HAVE_UNISTD_H 1
| #define HAVE_DLFCN_H 1
| #define LT_OBJDIR ".libs/"
| #define PACKAGE "SDL2_image"
| #define VERSION "2.0.5"
| /* end confdefs.h.  */
| 
| int
| main ()
| {
| 
|   ;
|   return 0;
| }
configure:11872: gcc -c   conftest.m >&5
gcc: fatal error: cannot execute 'cc1obj': execvp: No such file or directory
compilation terminated.
configure:11872: $? = 1
configure: failed program was:
| /* confdefs.h */
| #define PACKAGE_NAME ""
| #define PACKAGE_TARNAME ""
| #define PACKAGE_VERSION ""
| #define PACKAGE_STRING ""
| #define PACKAGE_BUGREPORT ""
| #define PACKAGE_URL ""
| #define STDC_HEADERS 1
| #define HAVE_SYS_TYPES_H 1
| #define HAVE_SYS_STAT_H 1
| #define HAVE_STDLIB_H 1
| #define HAVE_STRING_H 1
| #define HAVE_MEMORY_H 1
| #define HAVE_STRINGS_H 1
| #define HAVE_INTTYPES_H 1
| #define HAVE_STDINT_H 1
| #define HAVE_UNISTD_H 1
| #define HAVE_DLFCN_H 1
| #define LT_OBJDIR ".libs/"
| #define PACKAGE "SDL2_image"
| #define VERSION "2.0.5"
| /* end confdefs.h.  */
| 
| int
| main ()
| {
| 
|   ;
|   return 0;
| }
configure:11888: gcc -c -g  conftest.m >&5
gcc: fatal error: cannot execute 'cc1obj': execvp: No such file or directory
compilation terminated.
configure:11888: $? = 1
configure: failed program was:
| /* confdefs.h */
| #define PACKAGE_NAME ""
| #define PACKAGE_TARNAME ""
| #define PACKAGE_VERSION ""
| #define PACKAGE_STRING ""
| #define PACKAGE_BUGREPORT ""
| #define PACKAGE_URL ""
| #define STDC_HEADERS 1
| #define HAVE_SYS_TYPES_H 1
| #define HAVE_SYS_STAT_H 1
| #define HAVE_STDLIB_H 1
| #define HAVE_STRING_H 1
| #define HAVE_MEMORY_H 1
| #define HAVE_STRINGS_H 1
| #define HAVE_INTTYPES_H 1
| #define HAVE_STDINT_H 1
| #define HAVE_UNISTD_H 1
| #define HAVE_DLFCN_H 1
| #define LT_OBJDIR ".libs/"
| #define PACKAGE "SDL2_image"
| #define VERSION "2.0.5"
| /* end confdefs.h.  */
| 
| int
| main ()
| {
| 
|   ;
|   return 0;
| }
configure:11898: result: no
configure:11923: checking dependency style of gcc
configure:12032: result: gcc3
configure:12047: checking for inline
configure:12063: gcc -c -g -O2  conftest.c >&5
configure:12063: $? = 0
configure:12071: result: inline
configure:12090: checking whether make sets $(MAKE)
configure:12112: result: yes
configure:12130: checking for windres
configure:12160: result: no
configure:12130: checking for linux-gnu-windres
configure:12160: result: no
configure:12295: checking for pkg-config
configure:12313: found /usr/bin/pkg-config
configure:12325: result: /usr/bin/pkg-config
configure:12350: checking pkg-config is at least version 0.9.0
configure:12353: result: yes
configure:12486: checking for sdl2-config
configure:12517: result: /home/wan/CLionProjects/BattleShip_Game_Linux/libs/SDL2_image-2.0.5/../local/bin/sdl2-config
configure:12526: checking for SDL - version >= 2.0.8
configure:12614: gcc -o conftest -g -O2 -I/home/wan/CLionProjects/BattleShip_Game_Linux/libs/SDL2_image-2.0.5/../local/include/SDL2 -D_REENTRANT   conftest.c  -L/home/wan/CLionProjects/BattleShip_Game_Linux/libs/SDL2_image-2.0.5/../local/lib -Wl,-rpath,/home/wan/CLionProjects/BattleShip_Game_Linux/libs/SDL2-2.0.18/../local/lib -Wl,--enable-new-dtags -lSDL2 >&5
configure:12614: $? = 0
configure:12614: ./conftest
configure:12614: $? = 0
configure:12629: result: yes
configure:12835: checking jpeglib.h usability
configure:12835: gcc -c -g -O2 -I/home/wan/CLionProjects/BattleShip_Game_Linux/libs/SDL2_image-2.0.5/../local/include/SDL2 -D_REENTRANT  conftest.c >&5
configure:12835: $? = 0
configure:12835: result: yes
configure:12835: checking jpeglib.h presence
configure:12835: gcc -E  conftest.c
configure:12835: $? = 0
configure:12835: result: yes
configure:12835: checking for jpeglib.h
configure:12835: result: yes
configure:12841: checking for jpeg_CreateDecompress in -ljpeg
configure:12866: gcc -o conftest -g -O2 -I/home/wan/CLionProjects/BattleShip_Game_Linux/libs/SDL2_image-2.0.5/../local/include/SDL2 -D_REENTRANT   conftest.c -ljpeg   -L/home/wan/CLionProjects/BattleShip_Game_Linux/libs/SDL2_image-2.0.5/../local/lib -Wl,-rpath,/home/wan/CLionProjects/BattleShip_Game_Linux/libs/SDL2-2.0.18/../local/lib -Wl,--enable-new-dtags -lSDL2 >&5
configure:12866: $? = 0
configure:12875: result: yes
configure:12913: checking for LIBPNG
configure:12921: $PKG_CONFIG --exists --print-errors "libpng"
configure:12924: $? = 0
configure:12939: $PKG_CONFIG --exists --print-errors "libpng"
configure:12942: $? = 0
configure:13082: result: yes
configure:13115: checking tiffio.h usability
configure:13115: gcc -c -g -O2 -I/home/wan/CLionProjects/BattleShip_Game_Linux/libs/SDL2_image-2.0.5/../local/include/SDL2 -D_REENTRANT  conftest.c >&5
configure:13115: $? = 0
configure:13115: result: yes
configure:13115: checking tiffio.h presence
configure:13115: gcc -E  conftest.c
configure:13115: $? = 0
configure:13115: result: yes
configure:13115: checking for tiffio.h
configure:13115: result: yes
configure:13121: checking for TIFFClientOpen in -ltiff
configure:13146: gcc -o conftest -g -O2 -I/home/wan/CLionProjects/BattleShip_Game_Linux/libs/SDL2_image-2.0.5/../local/include/SDL2 -D_REENTRANT   conftest.c -ltiff -lz -ljpeg  -L/home/wan/CLionProjects/BattleShip_Game_Linux/libs/SDL2_image-2.0.5/../local/lib -Wl,-rpath,/home/wan/CLionProjects/BattleShip_Game_Linux/libs/SDL2-2.0.18/../local/lib -Wl,--enable-new-dtags -lSDL2 >&5
configure:13146: $? = 0
configure:13155: result: yes
configure:13190: checking for LIBWEBP
configure:13198: $PKG_CONFIG --exists --print-errors "libwebp"
configure:13201: $? = 0
configure:13216: $PKG_CONFIG --exists --print-errors "libwebp"
configure:13219: $? = 0
configure:13359: result: yes
configure:13640: checking that generated files are newer than configure
configure:13646: result: done
configure:13681: creating ./config.status

## ---------------------- ##
## Running config.status. ##
## ---------------------- ##

This file was extended by config.status, which was
generated by GNU Autoconf 2.69.  Invocation command line was

  CONFIG_FILES    = 
  CONFIG_HEADERS  = 
  CONFIG_LINKS    = 
  CONFIG_COMMANDS = 
  $ ./config.status 

on wan-VirtualBox

config.status:1026: creating Makefile
config.status:1026: creating SDL2_image.spec
config.status:1026: creating SDL2_image.pc
config.status:1198: executing libtool commands
config.status:1198: executing depfiles commands
config.status:1916: cd .       && sed -e '/# am--include-marker/d' Makefile         | make -f - am--depfiles
config.status:1921: $? = 0

## ---------------- ##
## Cache variables. ##
## ---------------- ##

ac_cv_build=x86_64-pc-linux-gnu
ac_cv_c_compiler_gnu=yes
ac_cv_c_inline=inline
ac_cv_env_CC_set=
ac_cv_env_CC_value=
ac_cv_env_CFLAGS_set=
ac_cv_env_CFLAGS_value=
ac_cv_env_CPPFLAGS_set=
ac_cv_env_CPPFLAGS_value=
ac_cv_env_CPP_set=
ac_cv_env_CPP_value=
ac_cv_env_LDFLAGS_set=
ac_cv_env_LDFLAGS_value=
ac_cv_env_LIBPNG_CFLAGS_set=
ac_cv_env_LIBPNG_CFLAGS_value=
ac_cv_env_LIBPNG_LIBS_set=
ac_cv_env_LIBPNG_LIBS_value=
ac_cv_env_LIBS_set=
ac_cv_env_LIBS_value=
ac_cv_env_LIBWEBP_CFLAGS_set=
ac_cv_env_LIBWEBP_CFLAGS_value=
ac_cv_env_LIBWEBP_LIBS_set=
ac_cv_env_LIBWEBP_LIBS_value=
ac_cv_env_OBJCFLAGS_set=
ac_cv_env_OBJCFLAGS_value=
ac_cv_env_OBJC_set=
ac_cv_env_OBJC_value=
ac_cv_env_PKG_CONFIG_set=
ac_cv_env_PKG_CONFIG_value=
ac_cv_env_SDL_CFLAGS_set=
ac_cv_env_SDL_CFLAGS_value=
ac_cv_env_SDL_LIBS_set=
ac_cv_env_SDL_LIBS_value=
ac_cv_env_build_alias_set=
ac_cv_env_build_alias_value=
ac_cv_env_host_alias_set=
ac_cv_env_host_alias_value=
ac_cv_env_target_alias_set=
ac_cv_env_target_alias_value=
ac_cv_header_dlfcn_h=yes
ac_cv_header_inttypes_h=yes
ac_cv_header_jpeglib_h=yes
ac_cv_header_memory_h=yes
ac_cv_header_stdc=yes
ac_cv_header_stdint_h=yes
ac_cv_header_stdlib_h=yes
ac_cv_header_string_h=yes
ac_cv_header_strings_h=yes
ac_cv_header_sys_stat_h=yes
ac_cv_header_sys_types_h=yes
ac_cv_header_tiffio_h=yes
ac_cv_header_unistd_h=yes
ac_cv_host=x86_64-pc-linux-gnu
ac_cv_lib_jpeg_jpeg_CreateDecompress=yes
ac_cv_lib_tiff_TIFFClientOpen=yes
ac_cv_objc_compiler_gnu=no
ac_cv_objext=o
ac_cv_path_EGREP='/usr/bin/grep -E'
ac_cv_path_FGREP='/usr/bin/grep -F'
ac_cv_path_GREP=/usr/bin/grep
ac_cv_path_SDL2_CONFIG=/home/wan/CLionProjects/BattleShip_Game_Linux/libs/SDL2_image-2.0.5/../local/bin/sdl2-config
ac_cv_path_SED=/usr/bin/sed
ac_cv_path_ac_pt_PKG_CONFIG=/usr/bin/pkg-config
ac_cv_path_install='/usr/bin/install -c'
ac_cv_path_mkdir=/usr/bin/mkdir
ac_cv_prog_AWK=mawk
ac_cv_prog_CPP='gcc -E'
ac_cv_prog_ac_ct_AR=ar
ac_cv_prog_ac_ct_CC=gcc
ac_cv_prog_ac_ct_OBJC=gcc
ac_cv_prog_ac_ct_OBJDUMP=objdump
ac_cv_prog_ac_ct_RANLIB=ranlib
ac_cv_prog_ac_ct_STRIP=strip
ac_cv_prog_cc_c89=
ac_cv_prog_cc_g=yes
ac_cv_prog_make_make_set=yes
ac_cv_prog_objc_g=no
am_cv_CC_dependencies_compiler_type=gcc3
am_cv_OBJC_dependencies_compiler_type=gcc3
am_cv_make_support_nested_variables=yes
am_cv_prog_cc_c_o=yes
lt_cv_deplibs_check_method=pass_all
lt_cv_file_magic_cmd='$MAGIC_CMD'
lt_cv_file_magic_test_file=
lt_cv_ld_reload_flag=-r
lt_cv_nm_interface='BSD nm'
lt_cv_objdir=.libs
lt_cv_path_LD=/usr/bin/ld
lt_cv_path_NM='/usr/bin/nm -B'
lt_cv_prog_compiler_c_o=yes
lt_cv_prog_compiler_pic_works=yes
lt_cv_prog_compiler_rtti_exceptions=no
lt_cv_prog_compiler_static_works=yes
lt_cv_prog_gnu_ld=yes
lt_cv_sys_global_symbol_pipe='sed -n -e '\''s/^.*[	 ]\([ABCDGIRSTW][ABCDGIRSTW]*\)[	 ][	 ]*\([_A-Za-z][_A-Za-z0-9]*\)$/\1 \2 \2/p'\'''
lt_cv_sys_global_symbol_to_c_name_address='sed -n -e '\''s/^: \([^ ]*\) $/  {\"\1\", (void *) 0},/p'\'' -e '\''s/^[ABCDGIRSTW]* \([^ ]*\) \([^ ]*\)$/  {"\2", (void *) \&\2},/p'\'''
lt_cv_sys_global_symbol_to_c_name_address_lib_prefix='sed -n -e '\''s/^: \([^ ]*\) $/  {\"\1\", (void *) 0},/p'\'' -e '\''s/^[ABCDGIRSTW]* \([^ ]*\) \(lib[^ ]*\)$/  {"\2", (void *) \&\2},/p'\'' -e '\''s/^[ABCDGIRSTW]* \([^ ]*\) \([^ ]*\)$/  {"lib\2", (void *) \&\2},/p'\'''
lt_cv_sys_global_symbol_to_cdecl='sed -n -e '\''s/^T .* \(.*\)$/extern int \1();/p'\'' -e '\''s/^[ABCDGIRSTW]* .* \(.*\)$/extern char \1;/p'\'''
lt_cv_sys_max_cmd_len=1572864
pkg_cv_LIBPNG_CFLAGS=-I/usr/include/libpng16
pkg_cv_LIBPNG_LIBS=-lpng16
pkg_cv_LIBWEBP_CFLAGS=
pkg_cv_LIBWEBP_LIBS=-lwebp

## ----------------- ##
## Output variables. ##
## ----------------- ##

ACLOCAL='${SHELL} /home/wan/CLionProjects/BattleShip_Game_Linux/libs/SDL2_image-2.0.5/missing aclocal-1.16'
AMDEPBACKSLASH='\'
AMDEP_FALSE='#'
AMDEP_TRUE=''
AMTAR='$${TAR-tar}'
AM_BACKSLASH='\'
AM_DEFAULT_V='$(AM_DEFAULT_VERBOSITY)'
AM_DEFAULT_VERBOSITY='1'
AM_V='$(V)'
AR='ar'
AS='as'
AUTOCONF='${SHELL} /home/wan/CLionProjects/BattleShip_Game_Linux/libs/SDL2_image-2.0.5/missing autoconf'
AUTOHEADER='${SHELL} /home/wan/CLionProjects/BattleShip_Game_Linux/libs/SDL2_image-2.0.5/missing autoheader'
AUTOMAKE='${SHELL} /home/wan/CLionProjects/BattleShip_Game_Linux/libs/SDL2_image-2.0.5/missing automake-1.16'
AWK='mawk'
BINARY_AGE='5'
CC='gcc'
CCDEPMODE='depmode=gcc3'
CFLAGS='-I/usr/include/libpng16  -g -O2 -I/home/wan/CLionProjects/BattleShip_Game_Linux/libs/SDL2_image-2.0.5/../local/include/SDL2 -D_REENTRANT'
CPP='gcc -E'
CPPFLAGS=''
CYGPATH_W='echo'
DEFS='-DPACKAGE_NAME=\"\" -DPACKAGE_TARNAME=\"\" -DPACKAGE_VERSION=\"\" -DPACKAGE_STRING=\"\" -DPACKAGE_BUGREPORT=\"\" -DPACKAGE_URL=\"\" -DSTDC_HEADERS=1 -DHAVE_SYS_TYPES_H=1 -DHAVE_SYS_STAT_H=1 -DHAVE_STDLIB_H=1 -DHAVE_STRING_H=1 -DHAVE_MEMORY_H=1 -DHAVE_STRINGS_H=1 -DHAVE_INTTYPES_H=1 -DHAVE_STDINT_H=1 -DHAVE_UNISTD_H=1 -DHAVE_DLFCN_H=1 -DLT_OBJDIR=\".libs/\" -DPACKAGE=\"SDL2_image\" -DVERSION=\"2.0.5\" -DLOAD_JPG=1 -DLOAD_PNG=1 -DLOAD_TIF=1 -DLOAD_WEBP=1 -DLOAD_BMP=1 -DLOAD_GIF=1 -DLOAD_LBM=1 -DLOAD_PCX=1 -DLOAD_PNM=1 -DLOAD_SVG=1 -DLOAD_TGA=1 -DLOAD_XCF=1 -DLOAD_XPM=1 -DLOAD_XV=1 -DLOAD_WEBP_DYNAMIC=\"libwebp.so.7\" -DLOAD_TIF_DYNAMIC=\"libtiff.so.5\" -DLOAD_JPG_DYNAMIC=\"libjpeg.so.8\" -DLOAD_PNG_DYNAMIC=\"libpng16.so.16\"'
DEPDIR='.deps'
DLLTOOL='dlltool'
DSYMUTIL=''
DUMPBIN=''
ECHO_C=''
ECHO_N='-n'
ECHO_T=''
EGREP='/usr/bin/grep -E'
EXEEXT=''
FGREP='/usr/bin/grep -F'
GREP='/usr/bin/grep'
IMG_LIBS=''
INSTALL_DATA='${INSTALL} -m 644'
INSTALL_PROGRAM='${INSTALL}'
INSTALL_SCRIPT='${INSTALL}'
INSTALL_STRIP_PROGRAM='$(install_sh) -c -s'
INTERFACE_AGE='3'
LD='/usr/bin/ld -m elf_x86_64'
LDFLAGS=''
LIBOBJS=''
LIBPNG_CFLAGS='-I/usr/include/libpng16'
LIBPNG_LIBS='-lpng16'
LIBS=' -L/home/wan/CLionProjects/BattleShip_Game_Linux/libs/SDL2_image-2.0.5/../local/lib -Wl,-rpath,/home/wan/CLionProjects/BattleShip_Game_Linux/libs/SDL2-2.0.18/../local/lib -Wl,--enable-new-dtags -lSDL2'
LIBTOOL='$(SHELL) $(top_builddir)/libtool'
LIBWEBP_CFLAGS=''
LIBWEBP_LIBS='-lwebp'
LIPO=''
LN_S='ln -s'
LTLIBOBJS=''
LT_AGE='2'
LT_CURRENT='2'
LT_RELEASE='2.0'
LT_REVISION='3'
MAJOR_VERSION='2'
MAKEINFO='${SHELL} /home/wan/CLionProjects/BattleShip_Game_Linux/libs/SDL2_image-2.0.5/missing makeinfo'
MICRO_VERSION='5'
MINOR_VERSION='0'
MKDIR_P='/usr/bin/mkdir -p'
NM='/usr/bin/nm -B'
NMEDIT=''
OBJC='gcc'
OBJCDEPMODE='depmode=gcc3'
OBJCFLAGS='-I/usr/include/libpng16  -g -O2 -I/home/wan/CLionProjects/BattleShip_Game_Linux/libs/SDL2_image-2.0.5/../local/include/SDL2 -D_REENTRANT'
OBJDUMP='objdump'
OBJEXT='o'
OTOOL64=''
OTOOL=''
PACKAGE='SDL2_image'
PACKAGE_BUGREPORT=''
PACKAGE_NAME=''
PACKAGE_STRING=''
PACKAGE_TARNAME=''
PACKAGE_URL=''
PACKAGE_VERSION=''
PATH_SEPARATOR=':'
PKG_CONFIG='/usr/bin/pkg-config'
RANLIB='ranlib'
SDL2_CONFIG='/home/wan/CLionProjects/BattleShip_Game_Linux/libs/SDL2_image-2.0.5/../local/bin/sdl2-config'
SDL_CFLAGS='-I/home/wan/CLionProjects/BattleShip_Game_Linux/libs/SDL2_image-2.0.5/../local/include/SDL2 -D_REENTRANT'
SDL_LIBS='-L/home/wan/CLionProjects/BattleShip_Game_Linux/libs/SDL2_image-2.0.5/../local/lib -Wl,-rpath,/home/wan/CLionProjects/BattleShip_Game_Linux/libs/SDL2-2.0.18/../local/lib -Wl,--enable-new-dtags -lSDL2'
SDL_VERSION='2.0.8'
SED='/usr/bin/sed'
SET_MAKE=''
SHELL='/bin/bash'
STRIP='strip'
USE_IMAGEIO_FALSE=''
USE_IMAGEIO_TRUE='#'
USE_VERSION_RC_FALSE=''
USE_VERSION_RC_TRUE='#'
VERSION='2.0.5'
WINDRES=''
ac_ct_CC='gcc'
ac_ct_DUMPBIN=''
ac_ct_OBJC='gcc'
am__EXEEXT_FALSE=''
am__EXEEXT_TRUE='#'
am__fastdepCC_FALSE='#'
am__fastdepCC_TRUE=''
am__fastdepOBJC_FALSE='#'
am__fastdepOBJC_TRUE=''
am__include='include'
am__isrc=''
am__leading_dot='.'
am__nodep='_no'
am__quote=''
am__tar='$${TAR-tar} chof - "$$tardir"'
am__untar='$${TAR-tar} xf -'
bindir='${exec_prefix}/bin'
build='x86_64-pc-linux-gnu'
build_alias=''
build_cpu='x86_64'
build_os='linux-gnu'
build_vendor='pc'
datadir='${datarootdir}'
datarootdir='${prefix}/share'
docdir='${datarootdir}/doc/${PACKAGE}'
dvidir='${docdir}'
exec_prefix='${prefix}'
host='x86_64-pc-linux-gnu'
host_alias=''
host_cpu='x86_64'
host_os='linux-gnu'
host_vendor='pc'
htmldir='${docdir}'
includedir='${prefix}/include'
infodir='${datarootdir}/info'
install_sh='${SHELL} /home/wan/CLionProjects/BattleShip_Game_Linux/libs/SDL2_image-2.0.5/install-sh'
libdir='${exec_prefix}/lib'
libexecdir='${exec_prefix}/libexec'
localedir='${datarootdir}/locale'
localstatedir='${prefix}/var'
lt_ECHO='echo'
mandir='${datarootdir}/man'
mkdir_p='$(MKDIR_P)'
oldincludedir='/usr/include'
pdfdir='${docdir}'
prefix='/home/wan/CLionProjects/BattleShip_Game_Linux/libs/SDL2_image-2.0.5/../local'
program_transform_name='s,x,x,'
psdir='${docdir}'
sbindir='${exec_prefix}/sbin'
sharedstatedir='${prefix}/com'
sysconfdir='${prefix}/etc'
target_alias=''

## ----------- ##
## confdefs.h. ##
## ----------- ##

/* confdefs.h */
#define PACKAGE_NAME ""
#define PACKAGE_TARNAME ""
#define PACKAGE_VERSION ""
#define PACKAGE_STRING ""
#define PACKAGE_BUGREPORT ""
#define PACKAGE_URL ""
#define STDC_HEADERS 1
#define HAVE_SYS_TYPES_H 1
#define HAVE_SYS_STAT_H 1
#define HAVE_STDLIB_H 1
#define HAVE_STRING_H 1
#define HAVE_MEMORY_H 1
#define HAVE_STRINGS_H 1
#define HAVE_INTTYPES_H 1
#define HAVE_STDINT_H 1
#define HAVE_UNISTD_H 1
#define HAVE_DLFCN_H 1
#define LT_OBJDIR ".libs/"
#define PACKAGE "SDL2_image"
#define VERSION "2.0.5"
#define LOAD_JPG 1
#define LOAD_PNG 1
#define LOAD_TIF 1
#define LOAD_WEBP 1
#define LOAD_BMP 1
#define LOAD_GIF 1
#define LOAD_LBM 1
#define LOAD_PCX 1
#define LOAD_PNM 1
#define LOAD_SVG 1
#define LOAD_TGA 1
#define LOAD_XCF 1
#define LOAD_XPM 1
#define LOAD_XV 1
#define LOAD_WEBP_DYNAMIC "libwebp.so.7"
#define LOAD_TIF_DYNAMIC "libtiff.so.5"
#define LOAD_JPG_DYNAMIC "libjpeg.so.8"
#define LOAD_PNG_DYNAMIC "libpng16.so.16"

configure: exit 0
